2015/02/15 07:45:12 [error] [exception.CHttpException.404] exception 'CHttpException' with message 'The system is unable to find the requested action "suggestTags".' in C:\wamp\www\yii-1.1.16\framework\web\CController.php:483
Stack trace:
#0 C:\wamp\www\yii-1.1.16\framework\web\CController.php(270): CController->missingAction('suggestTags')
#1 C:\wamp\www\yii-1.1.16\framework\web\CWebApplication.php(282): CController->run('suggestTags')
#2 C:\wamp\www\yii-1.1.16\framework\web\CWebApplication.php(141): CWebApplication->runController('post/suggestTag...')
#3 C:\wamp\www\yii-1.1.16\framework\base\CApplication.php(184): CWebApplication->processRequest()
#4 C:\wamp\www\yii_blog\index.php(13): CApplication->run()
#5 {main}
REQUEST_URI=/index.php?r=post/suggestTags&q=b&limit=10&timestamp=1423982711985
HTTP_REFERER=http://yii_blog.dev/index.php?r=post/create
---
2015/02/15 07:45:16 [error] [exception.CHttpException.404] exception 'CHttpException' with message 'The system is unable to find the requested action "suggestTags".' in C:\wamp\www\yii-1.1.16\framework\web\CController.php:483
Stack trace:
#0 C:\wamp\www\yii-1.1.16\framework\web\CController.php(270): CController->missingAction('suggestTags')
#1 C:\wamp\www\yii-1.1.16\framework\web\CWebApplication.php(282): CController->run('suggestTags')
#2 C:\wamp\www\yii-1.1.16\framework\web\CWebApplication.php(141): CWebApplication->runController('post/suggestTag...')
#3 C:\wamp\www\yii-1.1.16\framework\base\CApplication.php(184): CWebApplication->processRequest()
#4 C:\wamp\www\yii_blog\index.php(13): CApplication->run()
#5 {main}
REQUEST_URI=/index.php?r=post/suggestTags&q=blo&limit=10&timestamp=1423982716229
HTTP_REFERER=http://yii_blog.dev/index.php?r=post/create
---
2015/02/15 07:45:38 [error] [exception.CHttpException.404] exception 'CHttpException' with message 'The system is unable to find the requested action "suggestTags".' in C:\wamp\www\yii-1.1.16\framework\web\CController.php:483
Stack trace:
#0 C:\wamp\www\yii-1.1.16\framework\web\CController.php(270): CController->missingAction('suggestTags')
#1 C:\wamp\www\yii-1.1.16\framework\web\CWebApplication.php(282): CController->run('suggestTags')
#2 C:\wamp\www\yii-1.1.16\framework\web\CWebApplication.php(141): CWebApplication->runController('post/suggestTag...')
#3 C:\wamp\www\yii-1.1.16\framework\base\CApplication.php(184): CWebApplication->processRequest()
#4 C:\wamp\www\yii_blog\index.php(13): CApplication->run()
#5 {main}
REQUEST_URI=/index.php?r=post/suggestTags&q=blog&limit=10&timestamp=1423982738111
HTTP_REFERER=http://yii_blog.dev/index.php?r=post/create
---
2015/02/15 07:47:05 [warning] [application] Failed to set unsafe attribute "create_time" of "Post".
in C:\wamp\www\yii_blog\protected\controllers\PostController.php (86)
in C:\wamp\www\yii_blog\index.php (13)
2015/02/15 07:47:05 [warning] [application] Failed to set unsafe attribute "update_time" of "Post".
in C:\wamp\www\yii_blog\protected\controllers\PostController.php (86)
in C:\wamp\www\yii_blog\index.php (13)
2015/02/15 07:47:05 [warning] [application] Failed to set unsafe attribute "author_id" of "Post".
in C:\wamp\www\yii_blog\protected\controllers\PostController.php (86)
in C:\wamp\www\yii_blog\index.php (13)
2015/02/16 13:31:55 [error] [exception.CHttpException.404] exception 'CHttpException' with message 'Unable to resolve the request "about_jquery/index".' in C:\wamp\www\yii-1.1.16\framework\web\CWebApplication.php:286
Stack trace:
#0 C:\wamp\www\yii-1.1.16\framework\web\CWebApplication.php(141): CWebApplication->runController('about_jquery/in...')
#1 C:\wamp\www\yii-1.1.16\framework\base\CApplication.php(184): CWebApplication->processRequest()
#2 C:\wamp\www\yii_blog\index.php(13): CApplication->run()
#3 {main}
REQUEST_URI=/index.php?r=about_jquery/index
HTTP_REFERER=http://yii_blog.dev/index.php?r=jquery_doc/
---
2015/02/16 16:52:59 [error] [exception.CException] exception 'CException' with message 'Property "Jquery_docModule.layouts" is not defined.' in C:\wamp\www\yii-1.1.16\framework\base\CComponent.php:173
Stack trace:
#0 C:\wamp\www\yii_blog\protected\modules\jquery_doc\Jquery_docModule.php(17): CComponent->__set('layouts', 'jquery_doc.view...')
#1 C:\wamp\www\yii-1.1.16\framework\base\CModule.php(90): Jquery_docModule->init()
#2 C:\wamp\www\yii-1.1.16\framework\YiiBase.php(206): CModule->__construct('jquery_doc', NULL, Array)
#3 C:\wamp\www\yii-1.1.16\framework\base\CModule.php(282): YiiBase::createComponent('jquery_doc.Jque...', 'jquery_doc', NULL, Array)
#4 C:\wamp\www\yii-1.1.16\framework\web\CWebApplication.php(337): CModule->getModule('jquery_doc')
#5 C:\wamp\www\yii-1.1.16\framework\web\CWebApplication.php(276): CWebApplication->createController('jquery_doc/abou...')
#6 C:\wamp\www\yii-1.1.16\framework\web\CWebApplication.php(141): CWebApplication->runController('jquery_doc/abou...')
#7 C:\wamp\www\yii-1.1.16\framework\base\CApplication.php(184): CWebApplication->processRequest()
#8 C:\wamp\www\yii_blog\index.php(13): CApplication->run()
#9 {main}
REQUEST_URI=/index.php?r=jquery_doc/about_jquery/additional_support
---
2015/02/16 16:53:38 [error] [exception.CException] exception 'CException' with message 'Property "Jquery_docModule.layouts" is not defined.' in C:\wamp\www\yii-1.1.16\framework\base\CComponent.php:173
Stack trace:
#0 C:\wamp\www\yii_blog\protected\modules\jquery_doc\Jquery_docModule.php(17): CComponent->__set('layouts', 'jquery_doc.view...')
#1 C:\wamp\www\yii-1.1.16\framework\base\CModule.php(90): Jquery_docModule->init()
#2 C:\wamp\www\yii-1.1.16\framework\YiiBase.php(206): CModule->__construct('jquery_doc', NULL, Array)
#3 C:\wamp\www\yii-1.1.16\framework\base\CModule.php(282): YiiBase::createComponent('jquery_doc.Jque...', 'jquery_doc', NULL, Array)
#4 C:\wamp\www\yii-1.1.16\framework\web\CWebApplication.php(337): CModule->getModule('jquery_doc')
#5 C:\wamp\www\yii-1.1.16\framework\web\CWebApplication.php(276): CWebApplication->createController('jquery_doc/abou...')
#6 C:\wamp\www\yii-1.1.16\framework\web\CWebApplication.php(141): CWebApplication->runController('jquery_doc/abou...')
#7 C:\wamp\www\yii-1.1.16\framework\base\CApplication.php(184): CWebApplication->processRequest()
#8 C:\wamp\www\yii_blog\index.php(13): CApplication->run()
#9 {main}
REQUEST_URI=/index.php?r=jquery_doc/about_jquery/additional_support
---
2015/02/17 16:36:13 [error] [exception.CHttpException.404] exception 'CHttpException' with message 'The system is unable to find the requested action "typesetting".' in C:\wamp\www\yii-1.1.16\framework\web\CController.php:483
Stack trace:
#0 C:\wamp\www\yii-1.1.16\framework\web\CController.php(270): CController->missingAction('typesetting')
#1 C:\wamp\www\yii-1.1.16\framework\web\CWebApplication.php(282): CController->run('typesetting')
#2 C:\wamp\www\yii-1.1.16\framework\web\CWebApplication.php(141): CWebApplication->runController('manga_doc/types...')
#3 C:\wamp\www\yii-1.1.16\framework\base\CApplication.php(184): CWebApplication->processRequest()
#4 C:\wamp\www\yii_blog\index.php(13): CApplication->run()
#5 {main}
REQUEST_URI=/manga_doc/typesetting/typesetting
HTTP_REFERER=http://yii_blog.dev/manga_doc/typesetting/font_lists
---
2015/02/17 16:36:24 [error] [exception.CHttpException.404] exception 'CHttpException' with message 'The system is unable to find the requested action "typesetting".' in C:\wamp\www\yii-1.1.16\framework\web\CController.php:483
Stack trace:
#0 C:\wamp\www\yii-1.1.16\framework\web\CController.php(270): CController->missingAction('typesetting')
#1 C:\wamp\www\yii-1.1.16\framework\web\CWebApplication.php(282): CController->run('typesetting')
#2 C:\wamp\www\yii-1.1.16\framework\web\CWebApplication.php(141): CWebApplication->runController('manga_doc/types...')
#3 C:\wamp\www\yii-1.1.16\framework\base\CApplication.php(184): CWebApplication->processRequest()
#4 C:\wamp\www\yii_blog\index.php(13): CApplication->run()
#5 {main}
REQUEST_URI=/manga_doc/typesetting/typesetting
HTTP_REFERER=http://yii_blog.dev/manga_doc/typesetting/font_lists
---
2015/02/17 16:47:38 [error] [exception.CException] exception 'CException' with message 'The asset "" to be published does not exist.' in C:\wamp\www\yii-1.1.16\framework\web\CAssetManager.php:257
Stack trace:
#0 C:\wamp\www\yii_blog\protected\modules\manga_doc\Manga_docModule.php(17): CAssetManager->publish(false)
#1 C:\wamp\www\yii_blog\protected\modules\manga_doc\Manga_docModule.php(37): Manga_docModule->getAssetsUrl()
#2 C:\wamp\www\yii_blog\protected\modules\manga_doc\views\typesetting\do_and_dont.php(43): Manga_docModule->registerImage('04-002.png')
#3 C:\wamp\www\yii-1.1.16\framework\web\CBaseController.php(126): require('C:\\wamp\\www\\yii...')
#4 C:\wamp\www\yii-1.1.16\framework\web\CBaseController.php(95): CBaseController->renderInternal('C:\\wamp\\www\\yii...', NULL, true)
#5 C:\wamp\www\yii-1.1.16\framework\web\CController.php(869): CBaseController->renderFile('C:\\wamp\\www\\yii...', NULL, true)
#6 C:\wamp\www\yii-1.1.16\framework\web\CController.php(782): CController->renderPartial('do_and_dont', NULL, true)
#7 C:\wamp\www\yii_blog\protected\modules\manga_doc\controllers\TypesettingController.php(12): CController->render('do_and_dont')
#8 C:\wamp\www\yii-1.1.16\framework\web\actions\CInlineAction.php(49): TypesettingController->actionDo_and_dont()
#9 C:\wamp\www\yii-1.1.16\framework\web\CController.php(308): CInlineAction->runWithParams(Array)
#10 C:\wamp\www\yii-1.1.16\framework\web\CController.php(286): CController->runAction(Object(CInlineAction))
#11 C:\wamp\www\yii-1.1.16\framework\web\CController.php(265): CController->runActionWithFilters(Object(CInlineAction), Array)
#12 C:\wamp\www\yii-1.1.16\framework\web\CWebApplication.php(282): CController->run('do_and_dont')
#13 C:\wamp\www\yii-1.1.16\framework\web\CWebApplication.php(141): CWebApplication->runController('manga_doc/types...')
#14 C:\wamp\www\yii-1.1.16\framework\base\CApplication.php(184): CWebApplication->processRequest()
#15 C:\wamp\www\yii_blog\index.php(13): CApplication->run()
#16 {main}
REQUEST_URI=/manga_doc/typesetting/do_and_dont
HTTP_REFERER=http://yii_blog.dev/manga_doc/typesetting/index
---
2015/02/17 16:48:19 [error] [exception.CHttpException.404] exception 'CHttpException' with message 'Unable to resolve the request "assets/f806cc34/images/04-002.png".' in C:\wamp\www\yii-1.1.16\framework\web\CWebApplication.php:286
Stack trace:
#0 C:\wamp\www\yii-1.1.16\framework\web\CWebApplication.php(141): CWebApplication->runController('assets/f806cc34...')
#1 C:\wamp\www\yii-1.1.16\framework\base\CApplication.php(184): CWebApplication->processRequest()
#2 C:\wamp\www\yii_blog\index.php(13): CApplication->run()
#3 {main}
REQUEST_URI=/assets/f806cc34/images/04-002.png
HTTP_REFERER=http://yii_blog.dev/manga_doc/typesetting/do_and_dont
---
2015/02/17 16:49:08 [error] [php] Missing argument 1 for CModule::getModule(), called in C:\wamp\www\yii-1.1.16\framework\base\CComponent.php on line 111 and defined (C:\wamp\www\yii-1.1.16\framework\base\CModule.php:269)
Stack trace:
#0 C:\wamp\www\yii_blog\protected\modules\manga_doc\views\typesetting\do_and_dont.php(43): CWebApplication->__get()
#1 C:\wamp\www\yii-1.1.16\framework\web\CBaseController.php(126): require()
#2 C:\wamp\www\yii-1.1.16\framework\web\CBaseController.php(95): TypesettingController->renderInternal()
#3 C:\wamp\www\yii-1.1.16\framework\web\CController.php(869): TypesettingController->renderFile()
#4 C:\wamp\www\yii-1.1.16\framework\web\CController.php(782): TypesettingController->renderPartial()
#5 C:\wamp\www\yii_blog\protected\modules\manga_doc\controllers\TypesettingController.php(12): TypesettingController->render()
#6 C:\wamp\www\yii-1.1.16\framework\web\actions\CInlineAction.php(49): TypesettingController->actionDo_and_dont()
#7 C:\wamp\www\yii-1.1.16\framework\web\CController.php(308): CInlineAction->runWithParams()
#8 C:\wamp\www\yii-1.1.16\framework\web\CController.php(286): TypesettingController->runAction()
#9 C:\wamp\www\yii-1.1.16\framework\web\CController.php(265): TypesettingController->runActionWithFilters()
#10 C:\wamp\www\yii-1.1.16\framework\web\CWebApplication.php(282): TypesettingController->run()
#11 C:\wamp\www\yii-1.1.16\framework\web\CWebApplication.php(141): CWebApplication->runController()
#12 C:\wamp\www\yii-1.1.16\framework\base\CApplication.php(184): CWebApplication->processRequest()
#13 C:\wamp\www\yii_blog\index.php(13): CWebApplication->run()
REQUEST_URI=/manga_doc/typesetting/do_and_dont
in C:\wamp\www\yii_blog\protected\modules\manga_doc\views\typesetting\do_and_dont.php (43)
in C:\wamp\www\yii_blog\protected\modules\manga_doc\controllers\TypesettingController.php (12)
in C:\wamp\www\yii_blog\index.php (13)
2015/02/17 23:03:53 [error] [exception.CHttpException.404] exception 'CHttpException' with message 'Unable to resolve the request "assets/f806cc34/images/tutorials/02-002.png".' in C:\wamp\www\yii-1.1.16\framework\web\CWebApplication.php:286
Stack trace:
#0 C:\wamp\www\yii-1.1.16\framework\web\CWebApplication.php(141): CWebApplication->runController('assets/f806cc34...')
#1 C:\wamp\www\yii-1.1.16\framework\base\CApplication.php(184): CWebApplication->processRequest()
#2 C:\wamp\www\yii_blog\index.php(13): CApplication->run()
#3 {main}
REQUEST_URI=/assets/f806cc34/images/tutorials/02-002.png
HTTP_REFERER=http://yii_blog.dev/manga_doc/typesetting/how_do_i_know_which_fonst_go_where
---
2015/02/17 23:03:53 [error] [exception.CHttpException.404] exception 'CHttpException' with message 'Unable to resolve the request "assets/f806cc34/images/tutorials/02-001_edit.png".' in C:\wamp\www\yii-1.1.16\framework\web\CWebApplication.php:286
Stack trace:
#0 C:\wamp\www\yii-1.1.16\framework\web\CWebApplication.php(141): CWebApplication->runController('assets/f806cc34...')
#1 C:\wamp\www\yii-1.1.16\framework\base\CApplication.php(184): CWebApplication->processRequest()
#2 C:\wamp\www\yii_blog\index.php(13): CApplication->run()
#3 {main}
REQUEST_URI=/assets/f806cc34/images/tutorials/02-001_edit.png
HTTP_REFERER=http://yii_blog.dev/manga_doc/typesetting/how_do_i_know_which_fonst_go_where
---
2015/02/17 23:04:11 [error] [exception.CHttpException.404] exception 'CHttpException' with message 'Unable to resolve the request "assets/f806cc34/images/tutorials/02-002.png".' in C:\wamp\www\yii-1.1.16\framework\web\CWebApplication.php:286
Stack trace:
#0 C:\wamp\www\yii-1.1.16\framework\web\CWebApplication.php(141): CWebApplication->runController('assets/f806cc34...')
#1 C:\wamp\www\yii-1.1.16\framework\base\CApplication.php(184): CWebApplication->processRequest()
#2 C:\wamp\www\yii_blog\index.php(13): CApplication->run()
#3 {main}
REQUEST_URI=/assets/f806cc34/images/tutorials/02-002.png
HTTP_REFERER=http://yii_blog.dev/manga_doc/typesetting/how_do_i_know_which_fonst_go_where
---
2015/02/17 23:04:11 [error] [exception.CHttpException.404] exception 'CHttpException' with message 'Unable to resolve the request "assets/f806cc34/images/tutorials/02-001_edit.png".' in C:\wamp\www\yii-1.1.16\framework\web\CWebApplication.php:286
Stack trace:
#0 C:\wamp\www\yii-1.1.16\framework\web\CWebApplication.php(141): CWebApplication->runController('assets/f806cc34...')
#1 C:\wamp\www\yii-1.1.16\framework\base\CApplication.php(184): CWebApplication->processRequest()
#2 C:\wamp\www\yii_blog\index.php(13): CApplication->run()
#3 {main}
REQUEST_URI=/assets/f806cc34/images/tutorials/02-001_edit.png
HTTP_REFERER=http://yii_blog.dev/manga_doc/typesetting/how_do_i_know_which_fonst_go_where
---
2015/02/17 23:04:46 [error] [exception.CHttpException.404] exception 'CHttpException' with message 'Unable to resolve the request "assets/f806cc34/images/tutorials/02-002.png".' in C:\wamp\www\yii-1.1.16\framework\web\CWebApplication.php:286
Stack trace:
#0 C:\wamp\www\yii-1.1.16\framework\web\CWebApplication.php(141): CWebApplication->runController('assets/f806cc34...')
#1 C:\wamp\www\yii-1.1.16\framework\base\CApplication.php(184): CWebApplication->processRequest()
#2 C:\wamp\www\yii_blog\index.php(13): CApplication->run()
#3 {main}
REQUEST_URI=/assets/f806cc34/images/tutorials/02-002.png
HTTP_REFERER=http://yii_blog.dev/manga_doc/typesetting/how_do_i_know_which_fonst_go_where
---
2015/02/17 23:04:46 [error] [exception.CHttpException.404] exception 'CHttpException' with message 'Unable to resolve the request "assets/f806cc34/images/tutorials/02-001_edit.png".' in C:\wamp\www\yii-1.1.16\framework\web\CWebApplication.php:286
Stack trace:
#0 C:\wamp\www\yii-1.1.16\framework\web\CWebApplication.php(141): CWebApplication->runController('assets/f806cc34...')
#1 C:\wamp\www\yii-1.1.16\framework\base\CApplication.php(184): CWebApplication->processRequest()
#2 C:\wamp\www\yii_blog\index.php(13): CApplication->run()
#3 {main}
REQUEST_URI=/assets/f806cc34/images/tutorials/02-001_edit.png
HTTP_REFERER=http://yii_blog.dev/manga_doc/typesetting/how_do_i_know_which_fonst_go_where
---
2015/02/17 23:05:31 [error] [exception.CHttpException.404] exception 'CHttpException' with message 'Unable to resolve the request "assets/f806cc34/images/tutorials/02-002.png".' in C:\wamp\www\yii-1.1.16\framework\web\CWebApplication.php:286
Stack trace:
#0 C:\wamp\www\yii-1.1.16\framework\web\CWebApplication.php(141): CWebApplication->runController('assets/f806cc34...')
#1 C:\wamp\www\yii-1.1.16\framework\base\CApplication.php(184): CWebApplication->processRequest()
#2 C:\wamp\www\yii_blog\index.php(13): CApplication->run()
#3 {main}
REQUEST_URI=/assets/f806cc34/images/tutorials/02-002.png
HTTP_REFERER=http://yii_blog.dev/manga_doc/typesetting/how_do_i_know_which_fonst_go_where
---
2015/02/17 23:05:31 [error] [exception.CHttpException.404] exception 'CHttpException' with message 'Unable to resolve the request "assets/f806cc34/images/tutorials/02-001_edit.png".' in C:\wamp\www\yii-1.1.16\framework\web\CWebApplication.php:286
Stack trace:
#0 C:\wamp\www\yii-1.1.16\framework\web\CWebApplication.php(141): CWebApplication->runController('assets/f806cc34...')
#1 C:\wamp\www\yii-1.1.16\framework\base\CApplication.php(184): CWebApplication->processRequest()
#2 C:\wamp\www\yii_blog\index.php(13): CApplication->run()
#3 {main}
REQUEST_URI=/assets/f806cc34/images/tutorials/02-001_edit.png
HTTP_REFERER=http://yii_blog.dev/manga_doc/typesetting/how_do_i_know_which_fonst_go_where
---
2015/02/17 23:06:17 [error] [exception.CHttpException.404] exception 'CHttpException' with message 'Unable to resolve the request "assets/f806cc34/images/tutorials/02-002.png".' in C:\wamp\www\yii-1.1.16\framework\web\CWebApplication.php:286
Stack trace:
#0 C:\wamp\www\yii-1.1.16\framework\web\CWebApplication.php(141): CWebApplication->runController('assets/f806cc34...')
#1 C:\wamp\www\yii-1.1.16\framework\base\CApplication.php(184): CWebApplication->processRequest()
#2 C:\wamp\www\yii_blog\index.php(13): CApplication->run()
#3 {main}
REQUEST_URI=/assets/f806cc34/images/tutorials/02-002.png
HTTP_REFERER=http://yii_blog.dev/manga_doc/typesetting/how_do_i_know_which_fonst_go_where
---
2015/02/17 23:06:17 [error] [exception.CHttpException.404] exception 'CHttpException' with message 'Unable to resolve the request "assets/f806cc34/images/tutorials/02-001_edit.png".' in C:\wamp\www\yii-1.1.16\framework\web\CWebApplication.php:286
Stack trace:
#0 C:\wamp\www\yii-1.1.16\framework\web\CWebApplication.php(141): CWebApplication->runController('assets/f806cc34...')
#1 C:\wamp\www\yii-1.1.16\framework\base\CApplication.php(184): CWebApplication->processRequest()
#2 C:\wamp\www\yii_blog\index.php(13): CApplication->run()
#3 {main}
REQUEST_URI=/assets/f806cc34/images/tutorials/02-001_edit.png
HTTP_REFERER=http://yii_blog.dev/manga_doc/typesetting/how_do_i_know_which_fonst_go_where
---
2015/02/17 23:59:06 [error] [exception.CHttpException.404] exception 'CHttpException' with message 'Unable to resolve the request "assets/f806cc34/images/tutorials/Basic_01.png".' in C:\wamp\www\yii-1.1.16\framework\web\CWebApplication.php:286
Stack trace:
#0 C:\wamp\www\yii-1.1.16\framework\web\CWebApplication.php(141): CWebApplication->runController('assets/f806cc34...')
#1 C:\wamp\www\yii-1.1.16\framework\base\CApplication.php(184): CWebApplication->processRequest()
#2 C:\wamp\www\yii_blog\index.php(13): CApplication->run()
#3 {main}
REQUEST_URI=/assets/f806cc34/images/tutorials/Basic_01.png
HTTP_REFERER=http://yii_blog.dev/manga_doc/cleaning/basic_areas
---
2015/02/18 00:27:47 [error] [exception.CHttpException.404] exception 'CHttpException' with message 'Unable to resolve the request "assets/f806cc34/images/tutorials/Leveling_01.jpg".' in C:\wamp\www\yii-1.1.16\framework\web\CWebApplication.php:286
Stack trace:
#0 C:\wamp\www\yii-1.1.16\framework\web\CWebApplication.php(141): CWebApplication->runController('assets/f806cc34...')
#1 C:\wamp\www\yii-1.1.16\framework\base\CApplication.php(184): CWebApplication->processRequest()
#2 C:\wamp\www\yii_blog\index.php(13): CApplication->run()
#3 {main}
REQUEST_URI=/assets/f806cc34/images/tutorials/Leveling_01.jpg
HTTP_REFERER=http://yii_blog.dev/manga_doc/editing/convert_your_image_to_grayscale
---
